-0.0323031
0
-0.0338516
0.0015485
-0.0366309
0.00291961
-0.0414706
0.00526165
-0.05075
0.010135
-0.0625493
0.0144119
-0.0784966
0.0200667
-0.0930698
0.02268
-0.110051
0.0262379
-0.126589
0.0287101
-0.142146
0.0302721
-0.154804
0.0303957
-0.166244
0.0302098
-0.175239
0.0293797
-0.185877
0.0293469
-0.193637
0.0285272
-0.20041
0.0276393
-0.206408
0.0267401
-0.2109
0.0256894
-0.215471
0.024796
-0.218931
0.0238381
-0.222951
0.0230816
-0.226188
0.0222916
-0.228823
0.0215045
-0.231205
0.0207635
-0.233423
0.0200719
-0.236214
0.0195147
-0.238783
0.0189796
-0.240511
0.0183948
-0.243018
0.0179469
-0.245005
0.0174718
-0.247512
0.0171017
-0.2491
0.0166512
-0.251051
0.0162715
-0.253027
0.0159228
-0.254709
0.0155654
-0.256439
0.0152374
-0.258035
0.0149166
-0.25976
0.0146311
-0.261488
0.014365
-0.262414
0.0140408
-0.263686
0.0137613
-0.264612
0.0134693
-0.264701
0.01316
-0.265902
0.0129202
-0.266465
0.0126487
-0.267613
0.0124298
-0.268377
0.0121921
-0.268471
0.011941
-0.268945
0.0117093
