0.888479
0
0.728159
0.16032
0.667704
0.110555
0.641761
0.0823663
0.6329
0.064413
0.621785
0.0537547
0.608271
0.0473985
0.603898
0.0412805
0.605247
0.0364309
0.60488
0.0325869
0.60601
0.0294976
0.60396
0.0270054
0.604925
0.0248601
0.604087
0.0230312
0.60409
0.0214409
0.602415
0.020126
0.602062
0.0189083
0.601693
0.0178308
0.600729
0.0168938
0.597145
0.0164226
0.595438
0.015714
0.593589
0.0150964
0.592424
0.0144721
0.590945
0.0139346
0.589763
0.0134178
0.588359
0.0129677
0.586154
0.0126714
0.585388
0.0122345
0.585487
0.0118055
0.58403
0.0114978
0.581772
0.0113477
0.581195
0.0110025
0.581349
0.010665
0.581232
0.0103473
0.580178
0.0101024
0.578963
0.00989269
0.577426
0.00974351
0.577237
0.00948553
0.577129
0.00923974
0.576333
0.00904088
0.574687
0.00897
0.574739
0.00875398
0.574315
0.0085585
0.574361
0.00836185
0.574067
0.0081792
0.574263
0.00800182
0.573416
0.00787544
0.573282
0.00771077
0.573119
0.00755355
0.572114
0.00746885
