-4.70294
0
-4.70128
0.001659
-4.701
0.000999564
-4.70096
0.00070748
-4.70061
0.000653888
-4.70028
0.000624034
-4.70014
0.000548275
-4.70043
0.00056132
-4.70064
0.000535853
-4.70065
0.000479388
-4.70069
0.000435264
-4.70063
0.000401173
-4.70087
0.000440034
-4.70107
0.000452408
-4.70111
0.000423315
-4.70127
0.000427997
-4.70147
0.00044582
-4.70156
0.000431437
-4.70155
0.000408505
-4.70145
0.000398705
-4.70141
0.000381568
-4.70142
0.000364121
-4.70146
0.000349816
-4.70144
0.000335615
-4.70143
0.000321995
-4.70137
0.000314956
-4.70131
0.000310471
-4.70123
0.000308967
-4.70124
0.00029827
-4.70115
0.000302015
-4.70107
0.000301363
-4.70111
0.000294767
-4.7012
0.000297106
-4.70125
0.000293555
-4.70129
0.000288208
-4.70137
0.000289162
-4.70141
0.000284882
-4.7015
0.00029244
-4.70155
0.000288493
-4.70158
0.000282563
-4.70156
0.000275982
-4.70157
0.000269354
-4.70161
0.00026586
-4.70165
0.000264304
-4.70174
0.000272026
-4.7018
0.000273218
-4.70186
0.000272594
-4.70191
0.000272719
-4.70188
0.000269297
-4.70184
0.000266494
