1.2003
0
1.20122
0.0009235
1.20298
0.00183819
1.20614
0.00341384
1.21228
0.00668139
1.2201
0.00954102
1.23071
0.0133206
1.2404
0.015068
1.2517
0.0174451
1.26271
0.0190961
1.27307
0.0201404
1.2815
0.0202249
1.28911
0.0201029
1.2951
0.0195508
1.30218
0.0195303
1.30735
0.018985
1.31185
0.0183942
1.31585
0.0177958
1.31884
0.0170966
1.32188
0.0165018
1.32418
0.0158642
1.32685
0.0153606
1.32901
0.0148347
1.33076
0.0143107
1.33234
0.0138173
1.33382
0.013357
1.33567
0.0129863
1.33738
0.0126302
1.33853
0.012241
1.3402
0.0119431
1.34153
0.011627
1.34319
0.0113809
1.34425
0.0110811
1.34555
0.0108285
1.34687
0.0105965
1.34799
0.0103587
1.34914
0.0101405
1.3502
0.00992712
1.35135
0.00973732
1.3525
0.00956036
1.35312
0.0093446
1.35396
0.00915863
1.35458
0.00896431
1.35464
0.00875839
1.35544
0.00859878
1.35581
0.00841806
1.35658
0.00827235
1.35708
0.00811405
1.35714
0.00794698
1.35746
0.00779277
