1.76815
0
1.76798
0.00016275
1.76784
0.00016854
1.76774
0.000158146
1.76766
0.000143989
1.76761
0.000131036
1.76756
0.000118792
1.76753
0.00010794
1.7675
9.90768e-05
1.76748
9.21502e-05
1.76746
8.57926e-05
1.76744
8.02332e-05
1.76742
7.53545e-05
1.76741
7.13516e-05
1.7674
6.78503e-05
1.76738
6.47634e-05
1.76737
6.18775e-05
1.76736
5.91116e-05
1.76735
5.65482e-05
1.76734
5.43839e-05
1.76734
5.23597e-05
1.76733
5.04969e-05
1.76732
4.87622e-05
1.76731
4.73345e-05
1.76731
4.60142e-05
1.7673
4.45842e-05
1.7673
4.31301e-05
1.76729
4.17217e-05
1.76729
4.04412e-05
1.76729
3.9199e-05
1.76728
3.80105e-05
1.76728
3.69243e-05
1.76728
3.59146e-05
1.76727
3.49236e-05
1.76727
3.39844e-05
1.76727
3.31119e-05
1.76727
3.22474e-05
1.76727
3.14193e-05
1.76727
3.06154e-05
1.76726
2.98538e-05
1.76726
2.91653e-05
1.76726
2.85025e-05
1.76726
2.78892e-05
1.76726
2.7342e-05
1.76725
2.68758e-05
1.76725
2.63967e-05
1.76725
2.59562e-05
1.76725
2.55225e-05
1.76725
2.50538e-05
1.76724
2.4581e-05
