0.933823
0
0.93201
0.0018133
0.937093
0.0051901
0.936131
0.00379401
0.942923
0.00740059
0.948364
0.00813159
0.952779
0.00816817
0.954864
0.00737477
0.96189
0.00957393
0.967385
0.0101749
0.968673
0.00929324
0.971484
0.00893695
0.978724
0.0109544
0.982032
0.0106677
0.985159
0.0104117
0.985489
0.00974489
0.98638
0.00919694
0.98661
0.00867401
0.986935
0.00821123
0.98827
0.00790347
0.987371
0.00757123
0.986186
0.00731564
0.984339
0.0072301
0.984656
0.00692955
0.985753
0.00673647
0.986957
0.00658333
0.987382
0.00634906
0.989836
0.00659186
0.993702
0.00744324
0.997887
0.00832006
1.00213
0.00909773
1.00666
0.00990658
1.01033
0.0102779
1.01449
0.0108049
1.0173
0.0108604
1.01933
0.0107473
1.01972
0.0104601
1.02011
0.0101889
1.02107
0.00997022
1.02172
0.0097395
1.02154
0.00950063
1.02261
0.00933238
1.02239
0.00911543
1.02327
0.00894962
1.02375
0.00876155
1.02384
0.00856941
1.02295
0.00843225
1.02299
0.00825482
1.02289
0.00808515
1.02229
0.00794455
