0.407481
0
0.386262
0.0212194
0.403081
0.0208085
0.40827
0.0156019
0.406066
0.0122845
0.401028
0.0112246
0.407592
0.0115365
0.405844
0.0101427
0.405186
0.00896923
0.407697
0.00840611
0.408165
0.00761806
0.407141
0.00702933
0.405551
0.00665872
0.408492
0.00683036
0.407394
0.00645275
0.408054
0.00607193
0.407604
0.00572131
0.408259
0.00543369
0.407499
0.00519564
0.407856
0.00494193
0.407767
0.00470155
0.408243
0.00450798
0.408109
0.00430962
0.407685
0.00414786
0.408744
0.00411707
0.408595
0.00395837
0.407715
0.00390942
0.407924
0.00377303
0.408643
0.00371088
0.408219
0.00360997
0.408371
0.00349487
0.408589
0.00339089
0.40878
0.00329206
0.408147
0.00325585
0.408151
0.00316146
0.408578
0.0031019
0.408538
0.00301716
0.408358
0.00294224
0.408363
0.00286581
0.408461
0.00279497
0.408388
0.00272693
0.408164
0.00267061
0.408537
0.00263428
0.40817
0.00259974
0.408765
0.00261006
0.407953
0.00267874
0.408639
0.00270952
0.408588
0.00265297
0.408475
0.00260072
0.408562
0.00254964
