0.571505
0
0.589396
0.0178919
0.585279
0.0111204
0.586777
0.00800474
0.586592
0.0062032
0.587402
0.00512919
0.586114
0.00452205
0.590069
0.00556586
0.588111
0.00528476
0.587342
0.00478903
0.590442
0.00532656
0.586519
0.00624771
0.587517
0.00583309
0.588589
0.00550589
0.587444
0.00525211
0.587629
0.00491639
0.587329
0.00462789
0.587909
0.00440152
0.587707
0.00416832
0.587626
0.00395525
0.587283
0.00377779
0.587878
0.00365095
0.587728
0.00349186
0.587138
0.00339476
0.587832
0.00332928
0.587971
0.00320168
0.587607
0.00310228
0.587698
0.00299083
0.587996
0.00290121
0.587935
0.0028035
0.587712
0.00272072
0.587706
0.00263433
0.587993
0.00256928
0.587717
0.00250777
0.588064
0.00245965
0.587852
0.00239975
0.588296
0.00237598
0.588189
0.00231511
0.588218
0.00225516
0.588509
0.00221722
0.588619
0.00216527
0.588282
0.00213976
0.588023
0.00210547
0.588184
0.0020634
0.588156
0.00201722
0.588169
0.00197293
0.588449
0.00195071
0.588346
0.00191244
0.588412
0.00187416
0.58823
0.0018453
