0.810462
0
0.83138
0.0209182
0.835369
0.0127187
0.834704
0.00901804
0.839615
0.00853945
0.834386
0.00871578
0.831142
0.00804859
0.826479
0.00838627
0.822358
0.00846673
0.816155
0.00978889
0.812674
0.00951416
0.809906
0.00911578
0.809475
0.00839636
0.8112
0.00796263
0.812105
0.0074679
0.807593
0.00831598
0.807607
0.00781151
0.806488
0.00744927
0.803286
0.00773985
0.803346
0.00734292
0.803442
0.00698516
0.800847
0.00714789
0.797952
0.00741829
0.798301
0.00711103
0.7992
0.00687962
0.798974
0.00661356
0.797502
0.00653191
0.797154
0.00630394
0.798018
0.0061438
0.798735
0.00597859
0.798323
0.00579718
0.797376
0.00569243
0.796908
0.00553704
0.796698
0.00537581
0.795865
0.00528598
0.794839
0.0052386
0.795653
0.00515962
0.794959
0.00506967
0.794544
0.00495536
0.795306
0.00488951
0.795251
0.00476907
0.794477
0.00471798
0.794523
0.00460717
0.795904
0.0047083
0.796147
0.00460894
0.795805
0.00452063
0.795746
0.00442379
0.795579
0.0043339
0.795101
0.00427134
0.795961
0.00427253
