-6.03566
0
-5.79352
0.242139
-5.70255
0.16679
-5.66361
0.124202
-5.64996
0.0971699
-5.63296
0.0811388
-5.61254
0.0715511
-5.60628
0.0622803
-5.60851
0.0549712
-5.60797
0.0491707
-5.6097
0.0445104
-5.60657
0.0407526
-5.60826
0.0375248
-5.6072
0.0347574
-5.60725
0.0323574
-5.6049
0.0303587
-5.60456
0.0285191
-5.6041
0.0268919
-5.60264
0.0254793
-5.59717
0.0247828
-5.59457
0.0237164
-5.59181
0.0227803
-5.5901
0.0218346
-5.58786
0.0210246
-5.58608
0.0202445
-5.58391
0.0195705
-5.58054
0.0191317
-5.57931
0.0184765
-5.57947
0.0178287
-5.57719
0.0173738
-5.57373
0.0171568
-5.57291
0.0166324
-5.57322
0.0161236
-5.5731
0.0156426
-5.57156
0.0152669
-5.56981
0.0149396
-5.56755
0.0147049
-5.56736
0.0143139
-5.56724
0.0139426
-5.56608
0.0136395
-5.56359
0.0135326
-5.56368
0.0132067
-5.56308
0.0129098
-5.5632
0.0126135
-5.56284
0.0123352
-5.5632
0.0120693
-5.56198
0.0118723
-5.56183
0.0116233
-5.56155
0.011387
-5.56001
0.0112634
