-7.20367
0
-7.16322
0.0404567
-7.1877
0.0338391
-7.19508
0.0250407
-7.19131
0.019759
-7.18281
0.018239
-7.19328
0.0186332
-7.19061
0.0163561
-7.18954
0.0144642
-7.19363
0.0135683
-7.19453
0.0123058
-7.19298
0.0113389
-7.1907
0.0106764
-7.19538
0.0109339
-7.19362
0.010329
-7.19452
0.00970313
-7.19359
0.0091617
-7.19454
0.00868961
-7.1932
0.00832755
-7.19378
0.0079213
-7.19368
0.00753533
-7.19444
0.00722518
-7.19413
0.00691088
-7.19351
0.00664579
-7.19513
0.00657643
-7.19498
0.00632018
-7.19356
0.00624409
-7.19389
0.00602559
-7.19504
0.00592825
-7.19446
0.00575645
-7.1947
0.00557254
-7.19502
0.00540531
-7.1953
0.0052463
-7.19428
0.0051907
-7.19426
0.00504027
-7.19498
0.00495117
-7.19491
0.00481605
-7.19464
0.00469523
-7.19465
0.00457328
-7.19484
0.00446145
-7.19467
0.00435469
-7.19437
0.00425997
-7.19501
0.00420798
-7.19446
0.00414793
-7.19536
0.00415453
-7.1941
0.0042554
-7.19524
0.00431723
-7.19516
0.0042271
-7.19507
0.004141
-7.19528
0.00406286
