-6.59245
0
-6.58382
0.00862775
-6.58308
0.00503658
-6.58268
0.00358396
-6.58222
0.00281419
-6.58127
0.0024866
-6.58189
0.00219138
-6.58184
0.00189835
-6.58176
0.00167614
-6.58208
0.00153371
-6.58228
0.00140082
-6.58227
0.00127878
-6.58238
0.0011811
-6.58264
0.00112462
-6.58253
0.00105251
-6.58244
0.000989138
-6.58218
0.000963173
-6.58215
0.000908724
-6.58195
0.000881821
-6.582
0.000837632
-6.58203
0.000797382
-6.58208
0.000761891
-6.58197
0.000736118
-6.58198
0.000704923
-6.58201
0.000676744
-6.58209
0.000654495
-6.58199
0.000636802
-6.582
0.000613694
-6.58208
0.000597483
-6.58214
0.00057993
-6.58214
0.000560942
-6.58214
0.000543136
-6.58213
0.000526492
-6.58206
0.000515559
-6.58203
0.000501448
-6.58211
0.000494085
-6.5821
0.000480746
-6.5821
0.000467936
-6.58211
0.000455832
-6.58215
0.000446206
-6.58209
0.000439686
-6.58213
0.000431028
-6.5822
0.00042773
-6.5822
0.000417895
-6.58222
0.000408697
-6.58217
0.000402394
-6.58228
0.000409028
-6.58228
0.000400438
-6.58235
0.000399464
-6.58244
0.000399964
